  Application.cpp
C:\Users\Usuario\Documents\GitHub\Apollo\Apollo\Animation.h(50,19): warning C4244: 'inicializando': conversión de 'const float' a 'int'; posible pérdida de datos
C:\Users\Usuario\Documents\GitHub\Apollo\Apollo\Animation.h(52,30): warning C4244: '=': conversión de 'float' a 'int'; posible pérdida de datos
  FadeToBlack.cpp
C:\Users\Usuario\Documents\GitHub\Apollo\Apollo\Animation.h(58,10): warning C4244: 'return': conversión de 'const float' a 'int'; posible pérdida de datos
C:\Users\Usuario\Documents\GitHub\Apollo\Apollo\Animation.h(50,19): warning C4244: 'inicializando': conversión de 'const float' a 'int'; posible pérdida de datos
C:\Users\Usuario\Documents\GitHub\Apollo\Apollo\Animation.h(52,30): warning C4244: '=': conversión de 'float' a 'int'; posible pérdida de datos
C:\Users\Usuario\Documents\GitHub\Apollo\Apollo\Animation.h(58,10): warning C4244: 'return': conversión de 'const float' a 'int'; posible pérdida de datos
  Main.cpp
C:\Users\Usuario\Documents\GitHub\Apollo\Apollo\FadeToBlack.cpp(77,19): warning C4244: '=': conversión de 'float' a 'Uint32'; posible pérdida de datos
C:\Users\Usuario\Documents\GitHub\Apollo\Apollo\Animation.h(50,19): warning C4244: 'inicializando': conversión de 'const float' a 'int'; posible pérdida de datos
C:\Users\Usuario\Documents\GitHub\Apollo\Apollo\Animation.h(52,30): warning C4244: '=': conversión de 'float' a 'int'; posible pérdida de datos
  ModuleAudio.cpp
C:\Users\Usuario\Documents\GitHub\Apollo\Apollo\Animation.h(58,10): warning C4244: 'return': conversión de 'const float' a 'int'; posible pérdida de datos
C:\Users\Usuario\Documents\GitHub\Apollo\Apollo\Animation.h(50,19): warning C4244: 'inicializando': conversión de 'const float' a 'int'; posible pérdida de datos
C:\Users\Usuario\Documents\GitHub\Apollo\Apollo\Animation.h(52,30): warning C4244: '=': conversión de 'float' a 'int'; posible pérdida de datos
  ModuleInput.cpp
C:\Users\Usuario\Documents\GitHub\Apollo\Apollo\Animation.h(58,10): warning C4244: 'return': conversión de 'const float' a 'int'; posible pérdida de datos
C:\Users\Usuario\Documents\GitHub\Apollo\Apollo\Animation.h(50,19): warning C4244: 'inicializando': conversión de 'const float' a 'int'; posible pérdida de datos
C:\Users\Usuario\Documents\GitHub\Apollo\Apollo\Animation.h(52,30): warning C4244: '=': conversión de 'float' a 'int'; posible pérdida de datos
  ModulePhysics.cpp
C:\Users\Usuario\Documents\GitHub\Apollo\Apollo\Animation.h(58,10): warning C4244: 'return': conversión de 'const float' a 'int'; posible pérdida de datos
C:\Users\Usuario\Documents\GitHub\Apollo\Apollo\Animation.h(50,19): warning C4244: 'inicializando': conversión de 'const float' a 'int'; posible pérdida de datos
C:\Users\Usuario\Documents\GitHub\Apollo\Apollo\Animation.h(52,30): warning C4244: '=': conversión de 'float' a 'int'; posible pérdida de datos
  ModulePlayer.cpp
C:\Users\Usuario\Documents\GitHub\Apollo\Apollo\Animation.h(58,10): warning C4244: 'return': conversión de 'const float' a 'int'; posible pérdida de datos
C:\Users\Usuario\Documents\GitHub\Apollo\Apollo\Animation.h(50,19): warning C4244: 'inicializando': conversión de 'const float' a 'int'; posible pérdida de datos
C:\Users\Usuario\Documents\GitHub\Apollo\Apollo\Animation.h(52,30): warning C4244: '=': conversión de 'float' a 'int'; posible pérdida de datos
C:\Users\Usuario\Documents\GitHub\Apollo\Apollo\Animation.h(58,10): warning C4244: 'return': conversión de 'const float' a 'int'; posible pérdida de datos
C:\Users\Usuario\Documents\GitHub\Apollo\Apollo\ModulePlayer.cpp(62,25): warning C4244: '-=': conversión de 'double' a 'float'; posible pérdida de datos
  ModuleRender.cpp
C:\Users\Usuario\Documents\GitHub\Apollo\Apollo\ModulePlayer.cpp(82,43): warning C4244: '+=': conversión de 'float' a 'TYPE'; posible pérdida de datos
C:\Users\Usuario\Documents\GitHub\Apollo\Apollo\ModulePlayer.cpp(82,43): warning C4244:         with
C:\Users\Usuario\Documents\GitHub\Apollo\Apollo\ModulePlayer.cpp(82,43): warning C4244:         [
C:\Users\Usuario\Documents\GitHub\Apollo\Apollo\ModulePlayer.cpp(82,43): warning C4244:             TYPE=int
C:\Users\Usuario\Documents\GitHub\Apollo\Apollo\ModulePlayer.cpp(82,43): warning C4244:         ]
C:\Users\Usuario\Documents\GitHub\Apollo\Apollo\Animation.h(50,19): warning C4244: 'inicializando': conversión de 'const float' a 'int'; posible pérdida de datos
C:\Users\Usuario\Documents\GitHub\Apollo\Apollo\Animation.h(52,30): warning C4244: '=': conversión de 'float' a 'int'; posible pérdida de datos
  ModuleScene.cpp
C:\Users\Usuario\Documents\GitHub\Apollo\Apollo\Animation.h(58,10): warning C4244: 'return': conversión de 'const float' a 'int'; posible pérdida de datos
C:\Users\Usuario\Documents\GitHub\Apollo\Apollo\Animation.h(50,19): warning C4244: 'inicializando': conversión de 'const float' a 'int'; posible pérdida de datos
C:\Users\Usuario\Documents\GitHub\Apollo\Apollo\Animation.h(52,30): warning C4244: '=': conversión de 'float' a 'int'; posible pérdida de datos
  ModuleSceneIntro.cpp
C:\Users\Usuario\Documents\GitHub\Apollo\Apollo\Animation.h(58,10): warning C4244: 'return': conversión de 'const float' a 'int'; posible pérdida de datos
C:\Users\Usuario\Documents\GitHub\Apollo\Apollo\Animation.h(50,19): warning C4244: 'inicializando': conversión de 'const float' a 'int'; posible pérdida de datos
C:\Users\Usuario\Documents\GitHub\Apollo\Apollo\Animation.h(52,30): warning C4244: '=': conversión de 'float' a 'int'; posible pérdida de datos
  ModuleTextures.cpp
C:\Users\Usuario\Documents\GitHub\Apollo\Apollo\Animation.h(58,10): warning C4244: 'return': conversión de 'const float' a 'int'; posible pérdida de datos
C:\Users\Usuario\Documents\GitHub\Apollo\Apollo\Animation.h(50,19): warning C4244: 'inicializando': conversión de 'const float' a 'int'; posible pérdida de datos
C:\Users\Usuario\Documents\GitHub\Apollo\Apollo\Animation.h(52,30): warning C4244: '=': conversión de 'float' a 'int'; posible pérdida de datos
  ModuleWindow.cpp
C:\Users\Usuario\Documents\GitHub\Apollo\Apollo\Animation.h(58,10): warning C4244: 'return': conversión de 'const float' a 'int'; posible pérdida de datos
C:\Users\Usuario\Documents\GitHub\Apollo\Apollo\Animation.h(50,19): warning C4244: 'inicializando': conversión de 'const float' a 'int'; posible pérdida de datos
C:\Users\Usuario\Documents\GitHub\Apollo\Apollo\Animation.h(52,30): warning C4244: '=': conversión de 'float' a 'int'; posible pérdida de datos
  log.cpp
  Generando código...
C:\Users\Usuario\Documents\GitHub\Apollo\Apollo\Animation.h(58,10): warning C4244: 'return': conversión de 'const float' a 'int'; posible pérdida de datos
  SDL Game.vcxproj -> C:\Users\Usuario\Documents\GitHub\Apollo\Apollo\Debug\Physics 2 Class 1 Handout.exe
